# JRE version: OpenJDK Runtime Environment Temurin-11.0.12+7 (11.0.12+7) (build 11.0.12+7)
# Java VM: OpenJDK 64-Bit Server VM Temurin-11.0.12+7 (11.0.12+7, mixed mode, tiered, compressed oops, parallel gc, windows-amd64)
Heap:
 PSYoungGen      total 7680K, used 2247K [0x00000000eab00000, 0x00000000eb400000, 0x0000000100000000)
  eden space 6144K, 19% used [0x00000000eab00000,0x00000000eac29e68,0x00000000eb100000)
  from space 1536K, 68% used [0x00000000eb100000,0x00000000eb208050,0x00000000eb280000)
  to   space 1536K, 0% used [0x00000000eb280000,0x00000000eb280000,0x00000000eb400000)
 ParOldGen       total 203776K, used 157262K [0x00000000c0000000, 0x00000000cc700000, 0x00000000eab00000)
  object space 203776K, 77% used [0x00000000c0000000,0x00000000c9993a60,0x00000000cc700000)
 Metaspace       used 71460K, capacity 74785K, committed 75048K, reserved 1116160K
  class space    used 6844K, capacity 8041K, committed 8064K, reserved 1048576K
GC Heap History (20 events):
Event: 1192.358 GC heap before
{Heap before GC invocations=483 (full 13):
 PSYoungGen      total 8704K, used 8399K [0x00000000eab00000, 0x00000000eb680000, 0x0000000100000000)
  eden space 6656K, 100% used [0x00000000eab00000,0x00000000eb180000,0x00000000eb180000)
  from space 2048K, 85% used [0x00000000eb180000,0x00000000eb333c88,0x00000000eb380000)
  to   space 2560K, 0% used [0x00000000eb400000,0x00000000eb400000,0x00000000eb680000)
 ParOldGen       total 203776K, used 146281K [0x00000000c0000000, 0x00000000cc700000, 0x00000000eab00000)
  object space 203776K, 71% used [0x00000000c0000000,0x00000000c8eda7d8,0x00000000cc700000)
 Metaspace       used 71268K, capacity 74517K, committed 74792K, reserved 1116160K
  class space    used 6825K, capacity 7999K, committed 8064K, reserved 1048576K
}
Event: 1192.364 GC heap after
{Heap after GC invocations=483 (full 13):
 PSYoungGen      total 8192K, used 1312K [0x00000000eab00000, 0x00000000eb580000, 0x0000000100000000)
  eden space 6656K, 0% used [0x00000000eab00000,0x00000000eab00000,0x00000000eb180000)
  from space 1536K, 85% used [0x00000000eb400000,0x00000000eb5483e8,0x00000000eb580000)
  to   space 1536K, 0% used [0x00000000eb280000,0x00000000eb280000,0x00000000eb400000)
 ParOldGen       total 203776K, used 147447K [0x00000000c0000000, 0x00000000cc700000, 0x00000000eab00000)
  object space 203776K, 72% used [0x00000000c0000000,0x00000000c8ffdd48,0x00000000cc700000)
 Metaspace       used 71268K, capacity 74517K, committed 74792K, reserved 1116160K
  class space    used 6825K, capacity 7999K, committed 8064K, reserved 1048576K
}
Event: 1192.497 GC heap before
{Heap before GC invocations=484 (full 13):
 PSYoungGen      total 8192K, used 7968K [0x00000000eab00000, 0x00000000eb580000, 0x0000000100000000)
  eden space 6656K, 100% used [0x00000000eab00000,0x00000000eb180000,0x00000000eb180000)
  from space 1536K, 85% used [0x00000000eb400000,0x00000000eb5483e8,0x00000000eb580000)
  to   space 1536K, 0% used [0x00000000eb280000,0x00000000eb280000,0x00000000eb400000)
 ParOldGen       total 203776K, used 147447K [0x00000000c0000000, 0x00000000cc700000, 0x00000000eab00000)
  object space 203776K, 72% used [0x00000000c0000000,0x00000000c8ffdd48,0x00000000cc700000)
 Metaspace       used 71269K, capacity 74517K, committed 74792K, reserved 1116160K
  class space    used 6825K, capacity 7999K, committed 8064K, reserved 1048576K
}
Event: 1192.501 GC heap after
{Heap after GC invocations=484 (full 13):
 PSYoungGen      total 8192K, used 1481K [0x00000000eab00000, 0x00000000eb480000, 0x0000000100000000)
  eden space 6656K, 0% used [0x00000000eab00000,0x00000000eab00000,0x00000000eb180000)
  from space 1536K, 96% used [0x00000000eb280000,0x00000000eb3f25c8,0x00000000eb400000)
  to   space 512K, 0% used [0x00000000eb400000,0x00000000eb400000,0x00000000eb480000)
 ParOldGen       total 203776K, used 148661K [0x00000000c0000000, 0x00000000cc700000, 0x00000000eab00000)
  object space 203776K, 72% used [0x00000000c0000000,0x00000000c912d628,0x00000000cc700000)
 Metaspace       used 71269K, capacity 74517K, committed 74792K, reserved 1116160K
  class space    used 6825K, capacity 7999K, committed 8064K, reserved 1048576K
}
Event: 1192.603 GC heap before
{Heap before GC invocations=485 (full 13):
 PSYoungGen      total 8192K, used 8137K [0x00000000eab00000, 0x00000000eb480000, 0x0000000100000000)
  eden space 6656K, 100% used [0x00000000eab00000,0x00000000eb180000,0x00000000eb180000)
  from space 1536K, 96% used [0x00000000eb280000,0x00000000eb3f25c8,0x00000000eb400000)
  to   space 512K, 0% used [0x00000000eb400000,0x00000000eb400000,0x00000000eb480000)
 ParOldGen       total 203776K, used 148661K [0x00000000c0000000, 0x00000000cc700000, 0x00000000eab00000)
  object space 203776K, 72% used [0x00000000c0000000,0x00000000c912d628,0x00000000cc700000)
 Metaspace       used 71373K, capacity 74637K, committed 74792K, reserved 1116160K
  class space    used 6837K, capacity 8035K, committed 8064K, reserved 1048576K
}
Event: 1192.607 GC heap after
{Heap after GC invocations=485 (full 13):
 PSYoungGen      total 7168K, used 489K [0x00000000eab00000, 0x00000000eb680000, 0x0000000100000000)
  eden space 6656K, 0% used [0x00000000eab00000,0x00000000eab00000,0x00000000eb180000)
  from space 512K, 95% used [0x00000000eb400000,0x00000000eb47a4d0,0x00000000eb480000)
  to   space 2560K, 0% used [0x00000000eb180000,0x00000000eb180000,0x00000000eb400000)
 ParOldGen       total 203776K, used 150214K [0x00000000c0000000, 0x00000000cc700000, 0x00000000eab00000)
  object space 203776K, 73% used [0x00000000c0000000,0x00000000c92b1950,0x00000000cc700000)
 Metaspace       used 71373K, capacity 74637K, committed 74792K, reserved 1116160K
  class space    used 6837K, capacity 8035K, committed 8064K, reserved 1048576K
}
Event: 1192.698 GC heap before
{Heap before GC invocations=486 (full 13):
 PSYoungGen      total 7168K, used 7145K [0x00000000eab00000, 0x00000000eb680000, 0x0000000100000000)
  eden space 6656K, 100% used [0x00000000eab00000,0x00000000eb180000,0x00000000eb180000)
  from space 512K, 95% used [0x00000000eb400000,0x00000000eb47a4d0,0x00000000eb480000)
  to   space 2560K, 0% used [0x00000000eb180000,0x00000000eb180000,0x00000000eb400000)
 ParOldGen       total 203776K, used 150214K [0x00000000c0000000, 0x00000000cc700000, 0x00000000eab00000)
  object space 203776K, 73% used [0x00000000c0000000,0x00000000c92b1950,0x00000000cc700000)
 Metaspace       used 71373K, capacity 74637K, committed 74792K, reserved 1116160K
  class space    used 6837K, capacity 8035K, committed 8064K, reserved 1048576K
}
Event: 1192.703 GC heap after
{Heap after GC invocations=486 (full 13):
 PSYoungGen      total 8704K, used 1625K [0x00000000eab00000, 0x00000000eb580000, 0x0000000100000000)
  eden space 6656K, 0% used [0x00000000eab00000,0x00000000eab00000,0x00000000eb180000)
  from space 2048K, 79% used [0x00000000eb180000,0x00000000eb3167d8,0x00000000eb380000)
  to   space 2048K, 0% used [0x00000000eb380000,0x00000000eb380000,0x00000000eb580000)
 ParOldGen       total 203776K, used 150685K [0x00000000c0000000, 0x00000000cc700000, 0x00000000eab00000)
  object space 203776K, 73% used [0x00000000c0000000,0x00000000c9327508,0x00000000cc700000)
 Metaspace       used 71373K, capacity 74637K, committed 74792K, reserved 1116160K
  class space    used 6837K, capacity 8035K, committed 8064K, reserved 1048576K
}
Event: 1193.747 GC heap before
{Heap before GC invocations=487 (full 13):
 PSYoungGen      total 8704K, used 8281K [0x00000000eab00000, 0x00000000eb580000, 0x0000000100000000)
  eden space 6656K, 100% used [0x00000000eab00000,0x00000000eb180000,0x00000000eb180000)
  from space 2048K, 79% used [0x00000000eb180000,0x00000000eb3167d8,0x00000000eb380000)
  to   space 2048K, 0% used [0x00000000eb380000,0x00000000eb380000,0x00000000eb580000)
 ParOldGen       total 203776K, used 150685K [0x00000000c0000000, 0x00000000cc700000, 0x00000000eab00000)
  object space 203776K, 73% used [0x00000000c0000000,0x00000000c9327508,0x00000000cc700000)
 Metaspace       used 71403K, capacity 74712K, committed 74792K, reserved 1116160K
  class space    used 6840K, capacity 8039K, committed 8064K, reserved 1048576K
}
Event: 1193.755 GC heap after
{Heap after GC invocations=487 (full 13):
 PSYoungGen      total 8192K, used 1380K [0x00000000eab00000, 0x00000000eb500000, 0x0000000100000000)
  eden space 6656K, 0% used [0x00000000eab00000,0x00000000eab00000,0x00000000eb180000)
  from space 1536K, 89% used [0x00000000eb380000,0x00000000eb4d9010,0x00000000eb500000)
  to   space 1536K, 0% used [0x00000000eb200000,0x00000000eb200000,0x00000000eb380000)
 ParOldGen       total 203776K, used 152244K [0x00000000c0000000, 0x00000000cc700000, 0x00000000eab00000)
  object space 203776K, 74% used [0x00000000c0000000,0x00000000c94ad3c0,0x00000000cc700000)
 Metaspace       used 71403K, capacity 74712K, committed 74792K, reserved 1116160K
  class space    used 6840K, capacity 8039K, committed 8064K, reserved 1048576K
}
Event: 1193.833 GC heap before
{Heap before GC invocations=488 (full 13):
 PSYoungGen      total 8192K, used 8036K [0x00000000eab00000, 0x00000000eb500000, 0x0000000100000000)
  eden space 6656K, 100% used [0x00000000eab00000,0x00000000eb180000,0x00000000eb180000)
  from space 1536K, 89% used [0x00000000eb380000,0x00000000eb4d9010,0x00000000eb500000)
  to   space 1536K, 0% used [0x00000000eb200000,0x00000000eb200000,0x00000000eb380000)
 ParOldGen       total 203776K, used 152244K [0x00000000c0000000, 0x00000000cc700000, 0x00000000eab00000)
  object space 203776K, 74% used [0x00000000c0000000,0x00000000c94ad3c0,0x00000000cc700000)
 Metaspace       used 71406K, capacity 74712K, committed 74792K, reserved 1116160K
  class space    used 6840K, capacity 8039K, committed 8064K, reserved 1048576K
}
Event: 1193.837 GC heap after
{Heap after GC invocations=488 (full 13):
 PSYoungGen      total 8192K, used 1186K [0x00000000eab00000, 0x00000000eb480000, 0x0000000100000000)
  eden space 6656K, 0% used [0x00000000eab00000,0x00000000eab00000,0x00000000eb180000)
  from space 1536K, 77% used [0x00000000eb200000,0x00000000eb328838,0x00000000eb380000)
  to   space 1024K, 0% used [0x00000000eb380000,0x00000000eb380000,0x00000000eb480000)
 ParOldGen       total 203776K, used 153319K [0x00000000c0000000, 0x00000000cc700000, 0x00000000eab00000)
  object space 203776K, 75% used [0x00000000c0000000,0x00000000c95b9f48,0x00000000cc700000)
 Metaspace       used 71406K, capacity 74712K, committed 74792K, reserved 1116160K
  class space    used 6840K, capacity 8039K, committed 8064K, reserved 1048576K
}
Event: 1194.059 GC heap before
{Heap before GC invocations=489 (full 13):
 PSYoungGen      total 8192K, used 7842K [0x00000000eab00000, 0x00000000eb480000, 0x0000000100000000)
  eden space 6656K, 100% used [0x00000000eab00000,0x00000000eb180000,0x00000000eb180000)
  from space 1536K, 77% used [0x00000000eb200000,0x00000000eb328838,0x00000000eb380000)
  to   space 1024K, 0% used [0x00000000eb380000,0x00000000eb380000,0x00000000eb480000)
 ParOldGen       total 203776K, used 153319K [0x00000000c0000000, 0x00000000cc700000, 0x00000000eab00000)
  object space 203776K, 75% used [0x00000000c0000000,0x00000000c95b9f48,0x00000000cc700000)
 Metaspace       used 71423K, capacity 74712K, committed 74792K, reserved 1116160K
  class space    used 6840K, capacity 8039K, committed 8064K, reserved 1048576K
}
Event: 1194.067 GC heap after
{Heap after GC invocations=489 (full 13):
 PSYoungGen      total 7168K, used 1010K [0x00000000eab00000, 0x00000000eb680000, 0x0000000100000000)
  eden space 6144K, 0% used [0x00000000eab00000,0x00000000eab00000,0x00000000eb100000)
  from space 1024K, 98% used [0x00000000eb380000,0x00000000eb47cbb0,0x00000000eb480000)
  to   space 2560K, 0% used [0x00000000eb100000,0x00000000eb100000,0x00000000eb380000)
 ParOldGen       total 203776K, used 154233K [0x00000000c0000000, 0x00000000cc700000, 0x00000000eab00000)
  object space 203776K, 75% used [0x00000000c0000000,0x00000000c969e710,0x00000000cc700000)
 Metaspace       used 71423K, capacity 74712K, committed 74792K, reserved 1116160K
  class space    used 6840K, capacity 8039K, committed 8064K, reserved 1048576K
}
Event: 1194.219 GC heap before
{Heap before GC invocations=490 (full 13):
 PSYoungGen      total 7168K, used 7154K [0x00000000eab00000, 0x00000000eb680000, 0x0000000100000000)
  eden space 6144K, 100% used [0x00000000eab00000,0x00000000eb100000,0x00000000eb100000)
  from space 1024K, 98% used [0x00000000eb380000,0x00000000eb47cbb0,0x00000000eb480000)
  to   space 2560K, 0% used [0x00000000eb100000,0x00000000eb100000,0x00000000eb380000)
 ParOldGen       total 203776K, used 154233K [0x00000000c0000000, 0x00000000cc700000, 0x00000000eab00000)
  object space 203776K, 75% used [0x00000000c0000000,0x00000000c969e710,0x00000000cc700000)
 Metaspace       used 71430K, capacity 74712K, committed 74792K, reserved 1116160K
  class space    used 6840K, capacity 8039K, committed 8064K, reserved 1048576K
}
Event: 1194.224 GC heap after
{Heap after GC invocations=490 (full 13):
 PSYoungGen      total 7680K, used 1152K [0x00000000eab00000, 0x00000000eb400000, 0x0000000100000000)
  eden space 6144K, 0% used [0x00000000eab00000,0x00000000eab00000,0x00000000eb100000)
  from space 1536K, 75% used [0x00000000eb100000,0x00000000eb220270,0x00000000eb280000)
  to   space 1536K, 0% used [0x00000000eb280000,0x00000000eb280000,0x00000000eb400000)
 ParOldGen       total 203776K, used 155199K [0x00000000c0000000, 0x00000000cc700000, 0x00000000eab00000)
  object space 203776K, 76% used [0x00000000c0000000,0x00000000c978fe00,0x00000000cc700000)
 Metaspace       used 71430K, capacity 74712K, committed 74792K, reserved 1116160K
  class space    used 6840K, capacity 8039K, committed 8064K, reserved 1048576K
}
Event: 1194.399 GC heap before
{Heap before GC invocations=491 (full 13):
 PSYoungGen      total 7680K, used 7296K [0x00000000eab00000, 0x00000000eb400000, 0x0000000100000000)
  eden space 6144K, 100% used [0x00000000eab00000,0x00000000eb100000,0x00000000eb100000)
  from space 1536K, 75% used [0x00000000eb100000,0x00000000eb220270,0x00000000eb280000)
  to   space 1536K, 0% used [0x00000000eb280000,0x00000000eb280000,0x00000000eb400000)
 ParOldGen       total 203776K, used 155199K [0x00000000c0000000, 0x00000000cc700000, 0x00000000eab00000)
  object space 203776K, 76% used [0x00000000c0000000,0x00000000c978fe00,0x00000000cc700000)
 Metaspace       used 71433K, capacity 74712K, committed 74792K, reserved 1116160K
  class space    used 6840K, capacity 8039K, committed 8064K, reserved 1048576K
}
Event: 1194.404 GC heap after
{Heap after GC invocations=491 (full 13):
 PSYoungGen      total 7680K, used 1157K [0x00000000eab00000, 0x00000000eb400000, 0x0000000100000000)
  eden space 6144K, 0% used [0x00000000eab00000,0x00000000eab00000,0x00000000eb100000)
  from space 1536K, 75% used [0x00000000eb280000,0x00000000eb3a1438,0x00000000eb400000)
  to   space 1536K, 0% used [0x00000000eb100000,0x00000000eb100000,0x00000000eb280000)
 ParOldGen       total 203776K, used 156272K [0x00000000c0000000, 0x00000000cc700000, 0x00000000eab00000)
  object space 203776K, 76% used [0x00000000c0000000,0x00000000c989c0d8,0x00000000cc700000)
 Metaspace       used 71433K, capacity 74712K, committed 74792K, reserved 1116160K
  class space    used 6840K, capacity 8039K, committed 8064K, reserved 1048576K
}
Event: 1200.887 GC heap before
{Heap before GC invocations=492 (full 13):
 PSYoungGen      total 7680K, used 7301K [0x00000000eab00000, 0x00000000eb400000, 0x0000000100000000)
  eden space 6144K, 100% used [0x00000000eab00000,0x00000000eb100000,0x00000000eb100000)
  from space 1536K, 75% used [0x00000000eb280000,0x00000000eb3a1438,0x00000000eb400000)
  to   space 1536K, 0% used [0x00000000eb100000,0x00000000eb100000,0x00000000eb280000)
 ParOldGen       total 203776K, used 156272K [0x00000000c0000000, 0x00000000cc700000, 0x00000000eab00000)
  object space 203776K, 76% used [0x00000000c0000000,0x00000000c989c0d8,0x00000000cc700000)
 Metaspace       used 71458K, capacity 74785K, committed 75048K, reserved 1116160K
  class space    used 6844K, capacity 8041K, committed 8064K, reserved 1048576K
}
Event: 1200.895 GC heap after
{Heap after GC invocations=492 (full 13):
 PSYoungGen      total 7680K, used 1056K [0x00000000eab00000, 0x00000000eb400000, 0x0000000100000000)
  eden space 6144K, 0% used [0x00000000eab00000,0x00000000eab00000,0x00000000eb100000)
  from space 1536K, 68% used [0x00000000eb100000,0x00000000eb208050,0x00000000eb280000)
  to   space 1536K, 0% used [0x00000000eb280000,0x00000000eb280000,0x00000000eb400000)
 ParOldGen       total 203776K, used 157262K [0x00000000c0000000, 0x00000000cc700000, 0x00000000eab00000)
  object space 203776K, 77% used [0x00000000c0000000,0x00000000c9993a60,0x00000000cc700000)
 Metaspace       used 71458K, capacity 74785K, committed 75048K, reserved 1116160K
  class space    used 6844K, capacity 8041K, committed 8064K, reserved 1048576K
}

